[ 2016-11-12T10:16:29+08:00 ] 127.0.0.1 /
INFO: [ app_init ] --START--
INFO: Run Behavior\BuildLiteBehavior [ RunTime:0.000000s ]
INFO: [ app_init ] --END-- [ RunTime:0.032500s ]
INFO: [ app_begin ] --START--
INFO: Run Behavior\ReadHtmlCacheBehavior [ RunTime:0.017500s ]
INFO: [ app_begin ] --END-- [ RunTime:0.017500s ]
SQL: SHOW COLUMNS FROM `column` [ RunTime:0.0250s ]
SQL: SELECT `name`,`english`,`lanmu_id`,`up_id` FROM `column` WHERE `up_id` = 0  [ RunTime:0.0025s ]
SQL: SELECT `name`,`lanmu_jianjie` FROM `column` WHERE `lanmu_id` = 17  [ RunTime:0.0000s ]
SQL: SHOW COLUMNS FROM `news` [ RunTime:0.0400s ]
SQL: SELECT `news_id`,`title`,`pulish_time`,`lanmu_id` FROM `news` WHERE LENGTH(title) < 60 ORDER BY `pulish_time` desc LIMIT 7   [ RunTime:0.0000s ]
SQL: SHOW COLUMNS FROM `service` [ RunTime:0.0325s ]
SQL: SELECT * FROM `service` LIMIT 4   [ RunTime:0.0025s ]
SQL: SHOW COLUMNS FROM `produts` [ RunTime:0.0200s ]
SQL: SELECT `id`,`pic` FROM `produts`  [ RunTime:0.0000s ]
INFO: [ view_parse ] --START--
INFO: [ template_filter ] --START--
INFO: Run Behavior\ContentReplaceBehavior [ RunTime:0.015001s ]
INFO: [ template_filter ] --END-- [ RunTime:0.015001s ]
SQL: SHOW COLUMNS FROM `column` [ RunTime:0.0050s ]
SQL: SELECT `name`,`english`,`lanmu_id`,`up_id` FROM `column` WHERE `up_id` = 1 ORDER BY paixu  [ RunTime:0.0025s ]
SQL: SELECT `name`,`english`,`lanmu_id`,`up_id` FROM `column` WHERE `up_id` = 2 ORDER BY paixu  [ RunTime:0.0000s ]
SQL: SELECT `name`,`english`,`lanmu_id`,`up_id` FROM `column` WHERE `up_id` = 3 ORDER BY paixu  [ RunTime:0.0025s ]
SQL: SELECT `name`,`english`,`lanmu_id`,`up_id` FROM `column` WHERE `up_id` = 4 ORDER BY paixu  [ RunTime:0.0000s ]
SQL: SELECT `name`,`english`,`lanmu_id`,`up_id` FROM `column` WHERE `up_id` = 6 ORDER BY paixu  [ RunTime:0.0000s ]
SQL: SELECT `name`,`english`,`lanmu_id`,`up_id` FROM `column` WHERE `up_id` = 7 ORDER BY paixu  [ RunTime:0.0000s ]
NOTIC: [8] Undefined index: lanmu_id D:\PHPTool\phpStudy\WWW\llwwxy\Application\Runtime\Cache\Home\2a94b8bda04ff446dcedd42276fc99ee.php 第 85 行.
NOTIC: [8] Undefined index: lanmu_id D:\PHPTool\phpStudy\WWW\llwwxy\Application\Runtime\Cache\Home\2a94b8bda04ff446dcedd42276fc99ee.php 第 85 行.
NOTIC: [8] Undefined index: lanmu_id D:\PHPTool\phpStudy\WWW\llwwxy\Application\Runtime\Cache\Home\2a94b8bda04ff446dcedd42276fc99ee.php 第 85 行.
NOTIC: [8] Undefined index: lanmu_id D:\PHPTool\phpStudy\WWW\llwwxy\Application\Runtime\Cache\Home\2a94b8bda04ff446dcedd42276fc99ee.php 第 85 行.
INFO: Run Behavior\ParseTemplateBehavior [ RunTime:0.270004s ]
INFO: [ view_parse ] --END-- [ RunTime:0.270004s ]
INFO: [ view_filter ] --START--
INFO: Run Behavior\WriteHtmlCacheBehavior [ RunTime:0.017500s ]
INFO: [ view_filter ] --END-- [ RunTime:0.017500s ]
INFO: [ app_end ] --START--
INFO: Run Behavior\ShowPageTraceBehavior [ RunTime:0.017501s ]
INFO: [ app_end ] --END-- [ RunTime:0.017501s ]

[ 2016-11-12T10:16:39+08:00 ] 127.0.0.1 /index.php/News/News
INFO: [ app_init ] --START--
INFO: Run Behavior\BuildLiteBehavior [ RunTime:0.000000s ]
INFO: [ app_init ] --END-- [ RunTime:0.000000s ]
INFO: [ app_begin ] --START--
INFO: Run Behavior\ReadHtmlCacheBehavior [ RunTime:0.000000s ]
INFO: [ app_begin ] --END-- [ RunTime:0.000000s ]
SQL: SHOW COLUMNS FROM `column` [ RunTime:0.0050s ]
SQL: SELECT `name`,`english`,`lanmu_id`,`up_id` FROM `column` WHERE `up_id` = 0  [ RunTime:0.0000s ]
INFO: [ view_parse ] --START--
INFO: [ template_filter ] --START--
INFO: Run Behavior\ContentReplaceBehavior [ RunTime:0.052501s ]
INFO: [ template_filter ] --END-- [ RunTime:0.052501s ]
SQL: SHOW COLUMNS FROM `column` [ RunTime:0.0050s ]
SQL: SELECT `name`,`english`,`lanmu_id`,`up_id` FROM `column` WHERE `up_id` = 1 ORDER BY paixu  [ RunTime:0.0000s ]
SQL: SELECT `name`,`english`,`lanmu_id`,`up_id` FROM `column` WHERE `up_id` = 2 ORDER BY paixu  [ RunTime:0.0000s ]
SQL: SELECT `name`,`english`,`lanmu_id`,`up_id` FROM `column` WHERE `up_id` = 3 ORDER BY paixu  [ RunTime:0.0000s ]
SQL: SELECT `name`,`english`,`lanmu_id`,`up_id` FROM `column` WHERE `up_id` = 4 ORDER BY paixu  [ RunTime:0.0000s ]
SQL: SELECT `name`,`english`,`lanmu_id`,`up_id` FROM `column` WHERE `up_id` = 6 ORDER BY paixu  [ RunTime:0.0000s ]
SQL: SELECT `name`,`english`,`lanmu_id`,`up_id` FROM `column` WHERE `up_id` = 7 ORDER BY paixu  [ RunTime:0.0000s ]
SQL: SELECT `name`,`english`,`lanmu_id`,`up_id` FROM `column` WHERE `up_id` = 2 ORDER BY paixu  [ RunTime:0.0000s ]
NOTIC: [8] Undefined variable: columnName D:\PHPTool\phpStudy\WWW\llwwxy\Application\Runtime\Cache\Home\3e24b471de08a8366f7660bb176a5e74.php 第 68 行.
NOTIC: [8] Undefined variable: columnName D:\PHPTool\phpStudy\WWW\llwwxy\Application\Runtime\Cache\Home\3e24b471de08a8366f7660bb176a5e74.php 第 70 行.
NOTIC: [8] Undefined variable: newsList D:\PHPTool\phpStudy\WWW\llwwxy\Application\Runtime\Cache\Home\3e24b471de08a8366f7660bb176a5e74.php 第 74 行.
NOTIC: [8] Undefined variable: totalPage D:\PHPTool\phpStudy\WWW\llwwxy\Application\Runtime\Cache\Home\3e24b471de08a8366f7660bb176a5e74.php 第 85 行.
NOTIC: [8] Undefined variable: totalPage D:\PHPTool\phpStudy\WWW\llwwxy\Application\Runtime\Cache\Home\3e24b471de08a8366f7660bb176a5e74.php 第 85 行.
NOTIC: [8] Undefined variable: page D:\PHPTool\phpStudy\WWW\llwwxy\Application\Runtime\Cache\Home\3e24b471de08a8366f7660bb176a5e74.php 第 85 行.
INFO: Run Behavior\ParseTemplateBehavior [ RunTime:0.137502s ]
INFO: [ view_parse ] --END-- [ RunTime:0.137502s ]
INFO: [ view_filter ] --START--
INFO: Run Behavior\WriteHtmlCacheBehavior [ RunTime:0.000000s ]
INFO: [ view_filter ] --END-- [ RunTime:0.000000s ]
INFO: [ app_end ] --START--
INFO: Run Behavior\ShowPageTraceBehavior [ RunTime:0.000000s ]
INFO: [ app_end ] --END-- [ RunTime:0.002500s ]

[ 2016-11-12T10:16:41+08:00 ] 127.0.0.1 /index.php/News/ajaxNewList?p=1
INFO: [ app_init ] --START--
INFO: Run Behavior\BuildLiteBehavior [ RunTime:0.000000s ]
INFO: [ app_init ] --END-- [ RunTime:0.000000s ]
INFO: [ app_begin ] --START--
INFO: Run Behavior\ReadHtmlCacheBehavior [ RunTime:0.002500s ]
INFO: [ app_begin ] --END-- [ RunTime:0.002500s ]
SQL: SHOW COLUMNS FROM `news` [ RunTime:0.0050s ]
SQL: SELECT COUNT(*) AS tp_count FROM `news` LIMIT 1   [ RunTime:0.0000s ]
SQL: SELECT `news_id`,`title`,`pulish_time`,`lanmu_id` FROM `news` ORDER BY `pulish_time` desc LIMIT 0,6   [ RunTime:0.0000s ]
INFO: [ view_parse ] --START--
INFO: [ template_filter ] --START--
INFO: Run Behavior\ContentReplaceBehavior [ RunTime:0.000000s ]
INFO: [ template_filter ] --END-- [ RunTime:0.000000s ]
INFO: Run Behavior\ParseTemplateBehavior [ RunTime:0.037500s ]
INFO: [ view_parse ] --END-- [ RunTime:0.037500s ]
INFO: [ view_filter ] --START--
INFO: Run Behavior\WriteHtmlCacheBehavior [ RunTime:0.000000s ]
INFO: [ view_filter ] --END-- [ RunTime:0.000000s ]
INFO: [ app_end ] --START--
INFO: Run Behavior\ShowPageTraceBehavior [ RunTime:0.002500s ]
INFO: [ app_end ] --END-- [ RunTime:0.002500s ]

[ 2016-11-12T10:16:47+08:00 ] 127.0.0.1 /index.php/News/ajaxNewList?p=2
INFO: [ app_init ] --START--
INFO: Run Behavior\BuildLiteBehavior [ RunTime:0.000000s ]
INFO: [ app_init ] --END-- [ RunTime:0.000000s ]
INFO: [ app_begin ] --START--
INFO: Run Behavior\ReadHtmlCacheBehavior [ RunTime:0.000000s ]
INFO: [ app_begin ] --END-- [ RunTime:0.000000s ]
SQL: SHOW COLUMNS FROM `news` [ RunTime:0.0050s ]
SQL: SELECT COUNT(*) AS tp_count FROM `news` LIMIT 1   [ RunTime:0.0000s ]
SQL: SELECT `news_id`,`title`,`pulish_time`,`lanmu_id` FROM `news` ORDER BY `pulish_time` desc LIMIT 6,6   [ RunTime:0.0000s ]
INFO: [ view_parse ] --START--
INFO: [ template_filter ] --START--
INFO: Run Behavior\ContentReplaceBehavior [ RunTime:0.002500s ]
INFO: [ template_filter ] --END-- [ RunTime:0.002500s ]
INFO: Run Behavior\ParseTemplateBehavior [ RunTime:0.012500s ]
INFO: [ view_parse ] --END-- [ RunTime:0.012500s ]
INFO: [ view_filter ] --START--
INFO: Run Behavior\WriteHtmlCacheBehavior [ RunTime:0.000000s ]
INFO: [ view_filter ] --END-- [ RunTime:0.000000s ]
INFO: [ app_end ] --START--
INFO: Run Behavior\ShowPageTraceBehavior [ RunTime:0.000000s ]
INFO: [ app_end ] --END-- [ RunTime:0.002500s ]

[ 2016-11-12T10:16:51+08:00 ] 127.0.0.1 /index.php/Index/index.html
INFO: [ app_init ] --START--
INFO: Run Behavior\BuildLiteBehavior [ RunTime:0.000000s ]
INFO: [ app_init ] --END-- [ RunTime:0.002500s ]
INFO: [ app_begin ] --START--
INFO: Run Behavior\ReadHtmlCacheBehavior [ RunTime:0.000000s ]
INFO: [ app_begin ] --END-- [ RunTime:0.002501s ]
INFO: [ view_parse ] --START--
INFO: [ template_filter ] --START--
INFO: Run Behavior\ContentReplaceBehavior [ RunTime:0.000000s ]
INFO: [ template_filter ] --END-- [ RunTime:0.000000s ]
SQL: SHOW COLUMNS FROM `column` [ RunTime:0.0050s ]
SQL: SELECT `name`,`english`,`lanmu_id`,`up_id` FROM `column` WHERE `up_id` = 1 ORDER BY paixu  [ RunTime:0.0025s ]
SQL: SELECT `name`,`english`,`lanmu_id`,`up_id` FROM `column` WHERE `up_id` = 2 ORDER BY paixu  [ RunTime:0.0000s ]
SQL: SELECT `name`,`english`,`lanmu_id`,`up_id` FROM `column` WHERE `up_id` = 3 ORDER BY paixu  [ RunTime:0.0025s ]
SQL: SELECT `name`,`english`,`lanmu_id`,`up_id` FROM `column` WHERE `up_id` = 4 ORDER BY paixu  [ RunTime:0.0025s ]
SQL: SELECT `name`,`english`,`lanmu_id`,`up_id` FROM `column` WHERE `up_id` = 6 ORDER BY paixu  [ RunTime:0.0000s ]
SQL: SELECT `name`,`english`,`lanmu_id`,`up_id` FROM `column` WHERE `up_id` = 7 ORDER BY paixu  [ RunTime:0.0025s ]
NOTIC: [8] Undefined index: lanmu_id D:\PHPTool\phpStudy\WWW\llwwxy\Application\Runtime\Cache\Home\2a94b8bda04ff446dcedd42276fc99ee.php 第 85 行.
NOTIC: [8] Undefined index: lanmu_id D:\PHPTool\phpStudy\WWW\llwwxy\Application\Runtime\Cache\Home\2a94b8bda04ff446dcedd42276fc99ee.php 第 85 行.
NOTIC: [8] Undefined index: lanmu_id D:\PHPTool\phpStudy\WWW\llwwxy\Application\Runtime\Cache\Home\2a94b8bda04ff446dcedd42276fc99ee.php 第 85 行.
NOTIC: [8] Undefined index: lanmu_id D:\PHPTool\phpStudy\WWW\llwwxy\Application\Runtime\Cache\Home\2a94b8bda04ff446dcedd42276fc99ee.php 第 85 行.
INFO: Run Behavior\ParseTemplateBehavior [ RunTime:1.057516s ]
INFO: [ view_parse ] --END-- [ RunTime:1.057516s ]
INFO: [ view_filter ] --START--
INFO: Run Behavior\WriteHtmlCacheBehavior [ RunTime:0.000000s ]
INFO: [ view_filter ] --END-- [ RunTime:0.000000s ]
INFO: [ app_end ] --START--
INFO: Run Behavior\ShowPageTraceBehavior [ RunTime:0.002500s ]
INFO: [ app_end ] --END-- [ RunTime:0.002500s ]

[ 2016-11-12T10:17:26+08:00 ] 127.0.0.1 /index.php/AboutUs/AboutUs
INFO: [ app_init ] --START--
INFO: Run Behavior\BuildLiteBehavior [ RunTime:0.000000s ]
INFO: [ app_init ] --END-- [ RunTime:0.002500s ]
INFO: [ app_begin ] --START--
INFO: Run Behavior\ReadHtmlCacheBehavior [ RunTime:0.000000s ]
INFO: [ app_begin ] --END-- [ RunTime:0.000000s ]
SQL: SHOW COLUMNS FROM `column` [ RunTime:0.0050s ]
SQL: SELECT `name`,`english`,`lanmu_id`,`up_id` FROM `column` WHERE `up_id` = 0  [ RunTime:0.0000s ]
SQL: SELECT `name`,`lanmu_jianjie` FROM `column` WHERE `lanmu_id` = 17  [ RunTime:0.0000s ]
INFO: [ view_parse ] --START--
INFO: [ template_filter ] --START--
INFO: Run Behavior\ContentReplaceBehavior [ RunTime:0.000000s ]
INFO: [ template_filter ] --END-- [ RunTime:0.000000s ]
SQL: SHOW COLUMNS FROM `column` [ RunTime:0.0075s ]
SQL: SELECT `name`,`english`,`lanmu_id`,`up_id` FROM `column` WHERE `up_id` = 1 ORDER BY paixu  [ RunTime:0.0000s ]
SQL: SELECT `name`,`english`,`lanmu_id`,`up_id` FROM `column` WHERE `up_id` = 2 ORDER BY paixu  [ RunTime:0.0000s ]
SQL: SELECT `name`,`english`,`lanmu_id`,`up_id` FROM `column` WHERE `up_id` = 3 ORDER BY paixu  [ RunTime:0.0025s ]
SQL: SELECT `name`,`english`,`lanmu_id`,`up_id` FROM `column` WHERE `up_id` = 4 ORDER BY paixu  [ RunTime:0.0025s ]
SQL: SELECT `name`,`english`,`lanmu_id`,`up_id` FROM `column` WHERE `up_id` = 6 ORDER BY paixu  [ RunTime:0.0000s ]
SQL: SELECT `name`,`english`,`lanmu_id`,`up_id` FROM `column` WHERE `up_id` = 7 ORDER BY paixu  [ RunTime:0.0025s ]
SQL: SELECT `name`,`english`,`lanmu_id`,`up_id` FROM `column` WHERE `up_id` = 1 ORDER BY paixu  [ RunTime:0.0000s ]
INFO: Run Behavior\ParseTemplateBehavior [ RunTime:0.060001s ]
INFO: [ view_parse ] --END-- [ RunTime:0.060001s ]
INFO: [ view_filter ] --START--
INFO: Run Behavior\WriteHtmlCacheBehavior [ RunTime:0.000000s ]
INFO: [ view_filter ] --END-- [ RunTime:0.000000s ]
INFO: [ app_end ] --START--
INFO: Run Behavior\ShowPageTraceBehavior [ RunTime:0.002500s ]
INFO: [ app_end ] --END-- [ RunTime:0.002500s ]

[ 2016-11-12T10:42:15+08:00 ] 127.0.0.1 /?_=1478918534242
INFO: [ app_init ] --START--
INFO: Run Behavior\BuildLiteBehavior [ RunTime:0.000000s ]
INFO: [ app_init ] --END-- [ RunTime:0.000000s ]
INFO: [ app_begin ] --START--
INFO: Run Behavior\ReadHtmlCacheBehavior [ RunTime:0.000000s ]
INFO: [ app_begin ] --END-- [ RunTime:0.000000s ]
INFO: [ view_parse ] --START--
INFO: [ template_filter ] --START--
INFO: Run Behavior\ContentReplaceBehavior [ RunTime:0.000000s ]
INFO: [ template_filter ] --END-- [ RunTime:0.000000s ]
SQL: SHOW COLUMNS FROM `column` [ RunTime:0.0050s ]
SQL: SELECT `name`,`english`,`lanmu_id`,`up_id` FROM `column` WHERE `up_id` = 1 ORDER BY paixu  [ RunTime:0.0050s ]
SQL: SELECT `name`,`english`,`lanmu_id`,`up_id` FROM `column` WHERE `up_id` = 2 ORDER BY paixu  [ RunTime:0.0025s ]
SQL: SELECT `name`,`english`,`lanmu_id`,`up_id` FROM `column` WHERE `up_id` = 3 ORDER BY paixu  [ RunTime:0.0000s ]
SQL: SELECT `name`,`english`,`lanmu_id`,`up_id` FROM `column` WHERE `up_id` = 4 ORDER BY paixu  [ RunTime:0.0025s ]
SQL: SELECT `name`,`english`,`lanmu_id`,`up_id` FROM `column` WHERE `up_id` = 6 ORDER BY paixu  [ RunTime:0.0000s ]
SQL: SELECT `name`,`english`,`lanmu_id`,`up_id` FROM `column` WHERE `up_id` = 7 ORDER BY paixu  [ RunTime:0.0000s ]
NOTIC: [8] Undefined index: lanmu_id D:\PHPTool\phpStudy\WWW\llwwxy\Application\Runtime\Cache\Home\2a94b8bda04ff446dcedd42276fc99ee.php 第 85 行.
NOTIC: [8] Undefined index: lanmu_id D:\PHPTool\phpStudy\WWW\llwwxy\Application\Runtime\Cache\Home\2a94b8bda04ff446dcedd42276fc99ee.php 第 85 行.
NOTIC: [8] Undefined index: lanmu_id D:\PHPTool\phpStudy\WWW\llwwxy\Application\Runtime\Cache\Home\2a94b8bda04ff446dcedd42276fc99ee.php 第 85 行.
NOTIC: [8] Undefined index: lanmu_id D:\PHPTool\phpStudy\WWW\llwwxy\Application\Runtime\Cache\Home\2a94b8bda04ff446dcedd42276fc99ee.php 第 85 行.
INFO: Run Behavior\ParseTemplateBehavior [ RunTime:1.045016s ]
INFO: [ view_parse ] --END-- [ RunTime:1.045016s ]
INFO: [ view_filter ] --START--
INFO: Run Behavior\WriteHtmlCacheBehavior [ RunTime:0.000000s ]
INFO: [ view_filter ] --END-- [ RunTime:0.000000s ]
INFO: [ app_end ] --START--
INFO: Run Behavior\ShowPageTraceBehavior [ RunTime:0.002500s ]
INFO: [ app_end ] --END-- [ RunTime:0.002500s ]

[ 2016-11-12T10:42:20+08:00 ] 127.0.0.1 /?_=1478918539188
INFO: [ app_init ] --START--
INFO: Run Behavior\BuildLiteBehavior [ RunTime:0.000000s ]
INFO: [ app_init ] --END-- [ RunTime:0.000000s ]
INFO: [ app_begin ] --START--
INFO: Run Behavior\ReadHtmlCacheBehavior [ RunTime:0.000000s ]
INFO: [ app_begin ] --END-- [ RunTime:0.000000s ]
INFO: [ view_parse ] --START--
INFO: [ template_filter ] --START--
INFO: Run Behavior\ContentReplaceBehavior [ RunTime:0.000000s ]
INFO: [ template_filter ] --END-- [ RunTime:0.000000s ]
SQL: SHOW COLUMNS FROM `column` [ RunTime:0.0050s ]
SQL: SELECT `name`,`english`,`lanmu_id`,`up_id` FROM `column` WHERE `up_id` = 1 ORDER BY paixu  [ RunTime:0.0000s ]
SQL: SELECT `name`,`english`,`lanmu_id`,`up_id` FROM `column` WHERE `up_id` = 2 ORDER BY paixu  [ RunTime:0.0000s ]
SQL: SELECT `name`,`english`,`lanmu_id`,`up_id` FROM `column` WHERE `up_id` = 3 ORDER BY paixu  [ RunTime:0.0000s ]
SQL: SELECT `name`,`english`,`lanmu_id`,`up_id` FROM `column` WHERE `up_id` = 4 ORDER BY paixu  [ RunTime:0.0000s ]
SQL: SELECT `name`,`english`,`lanmu_id`,`up_id` FROM `column` WHERE `up_id` = 6 ORDER BY paixu  [ RunTime:0.0025s ]
SQL: SELECT `name`,`english`,`lanmu_id`,`up_id` FROM `column` WHERE `up_id` = 7 ORDER BY paixu  [ RunTime:0.0000s ]
NOTIC: [8] Undefined index: lanmu_id D:\PHPTool\phpStudy\WWW\llwwxy\Application\Runtime\Cache\Home\2a94b8bda04ff446dcedd42276fc99ee.php 第 85 行.
NOTIC: [8] Undefined index: lanmu_id D:\PHPTool\phpStudy\WWW\llwwxy\Application\Runtime\Cache\Home\2a94b8bda04ff446dcedd42276fc99ee.php 第 85 行.
NOTIC: [8] Undefined index: lanmu_id D:\PHPTool\phpStudy\WWW\llwwxy\Application\Runtime\Cache\Home\2a94b8bda04ff446dcedd42276fc99ee.php 第 85 行.
NOTIC: [8] Undefined index: lanmu_id D:\PHPTool\phpStudy\WWW\llwwxy\Application\Runtime\Cache\Home\2a94b8bda04ff446dcedd42276fc99ee.php 第 85 行.
INFO: Run Behavior\ParseTemplateBehavior [ RunTime:1.045016s ]
INFO: [ view_parse ] --END-- [ RunTime:1.045016s ]
INFO: [ view_filter ] --START--
INFO: Run Behavior\WriteHtmlCacheBehavior [ RunTime:0.000000s ]
INFO: [ view_filter ] --END-- [ RunTime:0.000000s ]
INFO: [ app_end ] --START--
INFO: Run Behavior\ShowPageTraceBehavior [ RunTime:0.000000s ]
INFO: [ app_end ] --END-- [ RunTime:0.000000s ]

[ 2016-11-12T10:42:28+08:00 ] 127.0.0.1 /?_=1478918547822
INFO: [ app_init ] --START--
INFO: Run Behavior\BuildLiteBehavior [ RunTime:0.000000s ]
INFO: [ app_init ] --END-- [ RunTime:0.000000s ]
INFO: [ app_begin ] --START--
INFO: Run Behavior\ReadHtmlCacheBehavior [ RunTime:0.000000s ]
INFO: [ app_begin ] --END-- [ RunTime:0.000000s ]
INFO: [ view_parse ] --START--
INFO: [ template_filter ] --START--
INFO: Run Behavior\ContentReplaceBehavior [ RunTime:0.000000s ]
INFO: [ template_filter ] --END-- [ RunTime:0.000000s ]
SQL: SHOW COLUMNS FROM `column` [ RunTime:0.0075s ]
SQL: SELECT `name`,`english`,`lanmu_id`,`up_id` FROM `column` WHERE `up_id` = 1 ORDER BY paixu  [ RunTime:0.0000s ]
SQL: SELECT `name`,`english`,`lanmu_id`,`up_id` FROM `column` WHERE `up_id` = 2 ORDER BY paixu  [ RunTime:0.0000s ]
SQL: SELECT `name`,`english`,`lanmu_id`,`up_id` FROM `column` WHERE `up_id` = 3 ORDER BY paixu  [ RunTime:0.0000s ]
SQL: SELECT `name`,`english`,`lanmu_id`,`up_id` FROM `column` WHERE `up_id` = 4 ORDER BY paixu  [ RunTime:0.0000s ]
SQL: SELECT `name`,`english`,`lanmu_id`,`up_id` FROM `column` WHERE `up_id` = 6 ORDER BY paixu  [ RunTime:0.0025s ]
SQL: SELECT `name`,`english`,`lanmu_id`,`up_id` FROM `column` WHERE `up_id` = 7 ORDER BY paixu  [ RunTime:0.0000s ]
NOTIC: [8] Undefined index: lanmu_id D:\PHPTool\phpStudy\WWW\llwwxy\Application\Runtime\Cache\Home\2a94b8bda04ff446dcedd42276fc99ee.php 第 85 行.
NOTIC: [8] Undefined index: lanmu_id D:\PHPTool\phpStudy\WWW\llwwxy\Application\Runtime\Cache\Home\2a94b8bda04ff446dcedd42276fc99ee.php 第 85 行.
NOTIC: [8] Undefined index: lanmu_id D:\PHPTool\phpStudy\WWW\llwwxy\Application\Runtime\Cache\Home\2a94b8bda04ff446dcedd42276fc99ee.php 第 85 行.
NOTIC: [8] Undefined index: lanmu_id D:\PHPTool\phpStudy\WWW\llwwxy\Application\Runtime\Cache\Home\2a94b8bda04ff446dcedd42276fc99ee.php 第 85 行.
INFO: Run Behavior\ParseTemplateBehavior [ RunTime:1.052516s ]
INFO: [ view_parse ] --END-- [ RunTime:1.052516s ]
INFO: [ view_filter ] --START--
INFO: Run Behavior\WriteHtmlCacheBehavior [ RunTime:0.000000s ]
INFO: [ view_filter ] --END-- [ RunTime:0.000000s ]
INFO: [ app_end ] --START--
INFO: Run Behavior\ShowPageTraceBehavior [ RunTime:0.000000s ]
INFO: [ app_end ] --END-- [ RunTime:0.000000s ]

[ 2016-11-12T10:42:45+08:00 ] 127.0.0.1 /?_=1478918564583
INFO: [ app_init ] --START--
INFO: Run Behavior\BuildLiteBehavior [ RunTime:0.000000s ]
INFO: [ app_init ] --END-- [ RunTime:0.000000s ]
INFO: [ app_begin ] --START--
INFO: Run Behavior\ReadHtmlCacheBehavior [ RunTime:0.002500s ]
INFO: [ app_begin ] --END-- [ RunTime:0.002500s ]
INFO: [ view_parse ] --START--
INFO: [ template_filter ] --START--
INFO: Run Behavior\ContentReplaceBehavior [ RunTime:0.000000s ]
INFO: [ template_filter ] --END-- [ RunTime:0.002500s ]
SQL: SHOW COLUMNS FROM `column` [ RunTime:0.0050s ]
SQL: SELECT `name`,`english`,`lanmu_id`,`up_id` FROM `column` WHERE `up_id` = 1 ORDER BY paixu  [ RunTime:0.0000s ]
SQL: SELECT `name`,`english`,`lanmu_id`,`up_id` FROM `column` WHERE `up_id` = 2 ORDER BY paixu  [ RunTime:0.0000s ]
SQL: SELECT `name`,`english`,`lanmu_id`,`up_id` FROM `column` WHERE `up_id` = 3 ORDER BY paixu  [ RunTime:0.0000s ]
SQL: SELECT `name`,`english`,`lanmu_id`,`up_id` FROM `column` WHERE `up_id` = 4 ORDER BY paixu  [ RunTime:0.0000s ]
SQL: SELECT `name`,`english`,`lanmu_id`,`up_id` FROM `column` WHERE `up_id` = 6 ORDER BY paixu  [ RunTime:0.0025s ]
SQL: SELECT `name`,`english`,`lanmu_id`,`up_id` FROM `column` WHERE `up_id` = 7 ORDER BY paixu  [ RunTime:0.0000s ]
NOTIC: [8] Undefined index: lanmu_id D:\PHPTool\phpStudy\WWW\llwwxy\Application\Runtime\Cache\Home\2a94b8bda04ff446dcedd42276fc99ee.php 第 85 行.
NOTIC: [8] Undefined index: lanmu_id D:\PHPTool\phpStudy\WWW\llwwxy\Application\Runtime\Cache\Home\2a94b8bda04ff446dcedd42276fc99ee.php 第 85 行.
NOTIC: [8] Undefined index: lanmu_id D:\PHPTool\phpStudy\WWW\llwwxy\Application\Runtime\Cache\Home\2a94b8bda04ff446dcedd42276fc99ee.php 第 85 行.
NOTIC: [8] Undefined index: lanmu_id D:\PHPTool\phpStudy\WWW\llwwxy\Application\Runtime\Cache\Home\2a94b8bda04ff446dcedd42276fc99ee.php 第 85 行.
INFO: Run Behavior\ParseTemplateBehavior [ RunTime:1.048517s ]
INFO: [ view_parse ] --END-- [ RunTime:1.048517s ]
INFO: [ view_filter ] --START--
INFO: Run Behavior\WriteHtmlCacheBehavior [ RunTime:0.002500s ]
INFO: [ view_filter ] --END-- [ RunTime:0.002500s ]
INFO: [ app_end ] --START--
INFO: Run Behavior\ShowPageTraceBehavior [ RunTime:0.000000s ]
INFO: [ app_end ] --END-- [ RunTime:0.000000s ]

[ 2016-11-12T10:43:22+08:00 ] 127.0.0.1 /?_=1478918601619
INFO: [ app_init ] --START--
INFO: Run Behavior\BuildLiteBehavior [ RunTime:0.000000s ]
INFO: [ app_init ] --END-- [ RunTime:0.000000s ]
INFO: [ app_begin ] --START--
INFO: Run Behavior\ReadHtmlCacheBehavior [ RunTime:0.002500s ]
INFO: [ app_begin ] --END-- [ RunTime:0.002500s ]
INFO: [ view_parse ] --START--
INFO: [ template_filter ] --START--
INFO: Run Behavior\ContentReplaceBehavior [ RunTime:0.000000s ]
INFO: [ template_filter ] --END-- [ RunTime:0.000000s ]
SQL: SHOW COLUMNS FROM `column` [ RunTime:0.0050s ]
SQL: SELECT `name`,`english`,`lanmu_id`,`up_id` FROM `column` WHERE `up_id` = 1 ORDER BY paixu  [ RunTime:0.0000s ]
SQL: SELECT `name`,`english`,`lanmu_id`,`up_id` FROM `column` WHERE `up_id` = 2 ORDER BY paixu  [ RunTime:0.0000s ]
SQL: SELECT `name`,`english`,`lanmu_id`,`up_id` FROM `column` WHERE `up_id` = 3 ORDER BY paixu  [ RunTime:0.0025s ]
SQL: SELECT `name`,`english`,`lanmu_id`,`up_id` FROM `column` WHERE `up_id` = 4 ORDER BY paixu  [ RunTime:0.0000s ]
SQL: SELECT `name`,`english`,`lanmu_id`,`up_id` FROM `column` WHERE `up_id` = 6 ORDER BY paixu  [ RunTime:0.0000s ]
SQL: SELECT `name`,`english`,`lanmu_id`,`up_id` FROM `column` WHERE `up_id` = 7 ORDER BY paixu  [ RunTime:0.0000s ]
NOTIC: [8] Undefined index: lanmu_id D:\PHPTool\phpStudy\WWW\llwwxy\Application\Runtime\Cache\Home\2a94b8bda04ff446dcedd42276fc99ee.php 第 85 行.
NOTIC: [8] Undefined index: lanmu_id D:\PHPTool\phpStudy\WWW\llwwxy\Application\Runtime\Cache\Home\2a94b8bda04ff446dcedd42276fc99ee.php 第 85 行.
NOTIC: [8] Undefined index: lanmu_id D:\PHPTool\phpStudy\WWW\llwwxy\Application\Runtime\Cache\Home\2a94b8bda04ff446dcedd42276fc99ee.php 第 85 行.
NOTIC: [8] Undefined index: lanmu_id D:\PHPTool\phpStudy\WWW\llwwxy\Application\Runtime\Cache\Home\2a94b8bda04ff446dcedd42276fc99ee.php 第 85 行.
INFO: Run Behavior\ParseTemplateBehavior [ RunTime:1.050016s ]
INFO: [ view_parse ] --END-- [ RunTime:1.050016s ]
INFO: [ view_filter ] --START--
INFO: Run Behavior\WriteHtmlCacheBehavior [ RunTime:0.002500s ]
INFO: [ view_filter ] --END-- [ RunTime:0.002500s ]
INFO: [ app_end ] --START--
INFO: Run Behavior\ShowPageTraceBehavior [ RunTime:0.002500s ]
INFO: [ app_end ] --END-- [ RunTime:0.002500s ]

[ 2016-11-12T10:43:31+08:00 ] 127.0.0.1 /?_=1478918610813
INFO: [ app_init ] --START--
INFO: Run Behavior\BuildLiteBehavior [ RunTime:0.000000s ]
INFO: [ app_init ] --END-- [ RunTime:0.000000s ]
INFO: [ app_begin ] --START--
INFO: Run Behavior\ReadHtmlCacheBehavior [ RunTime:0.002501s ]
INFO: [ app_begin ] --END-- [ RunTime:0.002501s ]
INFO: [ view_parse ] --START--
INFO: [ template_filter ] --START--
INFO: Run Behavior\ContentReplaceBehavior [ RunTime:0.000000s ]
INFO: [ template_filter ] --END-- [ RunTime:0.000000s ]
SQL: SHOW COLUMNS FROM `column` [ RunTime:0.0050s ]
SQL: SELECT `name`,`english`,`lanmu_id`,`up_id` FROM `column` WHERE `up_id` = 1 ORDER BY paixu  [ RunTime:0.0000s ]
SQL: SELECT `name`,`english`,`lanmu_id`,`up_id` FROM `column` WHERE `up_id` = 2 ORDER BY paixu  [ RunTime:0.0000s ]
SQL: SELECT `name`,`english`,`lanmu_id`,`up_id` FROM `column` WHERE `up_id` = 3 ORDER BY paixu  [ RunTime:0.0000s ]
SQL: SELECT `name`,`english`,`lanmu_id`,`up_id` FROM `column` WHERE `up_id` = 4 ORDER BY paixu  [ RunTime:0.0000s ]
SQL: SELECT `name`,`english`,`lanmu_id`,`up_id` FROM `column` WHERE `up_id` = 6 ORDER BY paixu  [ RunTime:0.0000s ]
SQL: SELECT `name`,`english`,`lanmu_id`,`up_id` FROM `column` WHERE `up_id` = 7 ORDER BY paixu  [ RunTime:0.0025s ]
NOTIC: [8] Undefined index: lanmu_id D:\PHPTool\phpStudy\WWW\llwwxy\Application\Runtime\Cache\Home\2a94b8bda04ff446dcedd42276fc99ee.php 第 85 行.
NOTIC: [8] Undefined index: lanmu_id D:\PHPTool\phpStudy\WWW\llwwxy\Application\Runtime\Cache\Home\2a94b8bda04ff446dcedd42276fc99ee.php 第 85 行.
NOTIC: [8] Undefined index: lanmu_id D:\PHPTool\phpStudy\WWW\llwwxy\Application\Runtime\Cache\Home\2a94b8bda04ff446dcedd42276fc99ee.php 第 85 行.
NOTIC: [8] Undefined index: lanmu_id D:\PHPTool\phpStudy\WWW\llwwxy\Application\Runtime\Cache\Home\2a94b8bda04ff446dcedd42276fc99ee.php 第 85 行.
INFO: Run Behavior\ParseTemplateBehavior [ RunTime:1.040016s ]
INFO: [ view_parse ] --END-- [ RunTime:1.040016s ]
INFO: [ view_filter ] --START--
INFO: Run Behavior\WriteHtmlCacheBehavior [ RunTime:0.002500s ]
INFO: [ view_filter ] --END-- [ RunTime:0.002500s ]
INFO: [ app_end ] --START--
INFO: Run Behavior\ShowPageTraceBehavior [ RunTime:0.002500s ]
INFO: [ app_end ] --END-- [ RunTime:0.002500s ]

